{"numTotalTestSuites":56,"numPassedTestSuites":56,"numFailedTestSuites":0,"numPendingTestSuites":0,"numTotalTests":193,"numPassedTests":193,"numFailedTests":0,"numPendingTests":0,"numTodoTests":0,"startTime":1761274700781,"success":true,"testResults":[{"assertionResults":[{"ancestorTitles":["","Sensitive file detection"],"fullName":" Sensitive file detection includes required patterns from PRIVACY-SECURITY-GUIDE","status":"passed","title":"includes required patterns from PRIVACY-SECURITY-GUIDE","duration":4,"failureMessages":[]},{"ancestorTitles":["","Sensitive file detection"],"fullName":" Sensitive file detection identifies manifest.json as sensitive","status":"passed","title":"identifies manifest.json as sensitive","duration":1,"failureMessages":[]},{"ancestorTitles":["","Sensitive file detection"],"fullName":" Sensitive file detection detects auth.js files in any directory","status":"passed","title":"detects auth.js files in any directory","duration":2,"failureMessages":[]},{"ancestorTitles":["","Sensitive file detection"],"fullName":" Sensitive file detection detects shared secret modules","status":"passed","title":"detects shared secret modules","duration":3,"failureMessages":[]},{"ancestorTitles":["","Sensitive file detection"],"fullName":" Sensitive file detection detects directory-based sensitive paths","status":"passed","title":"detects directory-based sensitive paths","duration":1,"failureMessages":[]},{"ancestorTitles":["","Sensitive file detection"],"fullName":" Sensitive file detection handles Windows and relative paths","status":"passed","title":"handles Windows and relative paths","duration":1,"failureMessages":[]},{"ancestorTitles":["","Sensitive file detection"],"fullName":" Sensitive file detection does not flag generic files","status":"passed","title":"does not flag generic files","duration":2,"failureMessages":[]}],"startTime":1761274719207,"endTime":1761274719221,"status":"passed","message":"","name":"/workspace/homeostat/tests/config/sensitive-files.test.js"},{"assertionResults":[{"ancestorTitles":["","canary deploy"],"fullName":" canary deploy progresses through each stage when error rate acceptable","status":"passed","title":"progresses through each stage when error rate acceptable","duration":10,"failureMessages":[]},{"ancestorTitles":["","canary deploy"],"fullName":" canary deploy rolls back when error rate exceeds threshold","status":"passed","title":"rolls back when error rate exceeds threshold","duration":2,"failureMessages":[]},{"ancestorTitles":["","monitorErrors"],"fullName":" monitorErrors returns zero when no metrics configured","status":"passed","title":"returns zero when no metrics configured","duration":1,"failureMessages":[]},{"ancestorTitles":["","rollback"],"fullName":" rollback invokes update and comment hooks","status":"passed","title":"invokes update and comment hooks","duration":5,"failureMessages":[]}],"startTime":1761274718037,"endTime":1761274718058,"status":"passed","message":"","name":"/workspace/homeostat/tests/deployment/canary.test.js"},{"assertionResults":[{"ancestorTitles":["","e2e: failure modes"],"fullName":" e2e: failure modes rejects issue with missing stack trace","status":"passed","title":"rejects issue with missing stack trace","duration":32,"failureMessages":[]},{"ancestorTitles":["","e2e: failure modes"],"fullName":" e2e: failure modes handles GitHub API 500 error with retry","status":"passed","title":"handles GitHub API 500 error with retry","duration":11,"failureMessages":[]},{"ancestorTitles":["","e2e: failure modes"],"fullName":" e2e: failure modes handles rate limit with exponential backoff","status":"passed","title":"handles rate limit with exponential backoff","duration":7,"failureMessages":[]},{"ancestorTitles":["","e2e: failure modes"],"fullName":" e2e: failure modes rejects oversize issue payloads","status":"passed","title":"rejects oversize issue payloads","duration":35124,"failureMessages":[]},{"ancestorTitles":["","e2e: failure modes"],"fullName":" e2e: failure modes does not create PR when tests fail","status":"passed","title":"does not create PR when tests fail","duration":4,"failureMessages":[]}],"startTime":1761274705209,"endTime":1761274740388,"status":"passed","message":"","name":"/workspace/homeostat/tests/e2e/failure-modes.test.ts"},{"assertionResults":[{"ancestorTitles":["","e2e: golden path scenarios"],"fullName":" e2e: golden path scenarios processes Tier 1 issue (simple error)","status":"passed","title":"processes Tier 1 issue (simple error)","duration":30,"failureMessages":[]},{"ancestorTitles":["","e2e: golden path scenarios"],"fullName":" e2e: golden path scenarios processes Tier 2 issue (medium complexity)","status":"passed","title":"processes Tier 2 issue (medium complexity)","duration":4,"failureMessages":[]},{"ancestorTitles":["","e2e: golden path scenarios"],"fullName":" e2e: golden path scenarios processes Tier 3 issue (complex stack)","status":"passed","title":"processes Tier 3 issue (complex stack)","duration":2,"failureMessages":[]},{"ancestorTitles":["","e2e: golden path scenarios"],"fullName":" e2e: golden path scenarios escalates sensitive file issues to Tier 3","status":"passed","title":"escalates sensitive file issues to Tier 3","duration":2,"failureMessages":[]}],"startTime":1761274711527,"endTime":1761274711566,"status":"passed","message":"","name":"/workspace/homeostat/tests/e2e/golden-path.test.ts"},{"assertionResults":[{"ancestorTitles":["","levenshteinDistance"],"fullName":" levenshteinDistance calculates expected distance","status":"passed","title":"calculates expected distance","duration":4,"failureMessages":[]},{"ancestorTitles":["","isSameError"],"fullName":" isSameError detects highly similar errors","status":"passed","title":"detects highly similar errors","duration":4,"failureMessages":[]},{"ancestorTitles":["","isSameError"],"fullName":" isSameError differentiates distinct errors","status":"passed","title":"differentiates distinct errors","duration":0,"failureMessages":[]},{"ancestorTitles":["","attemptFixWithRetries"],"fullName":" attemptFixWithRetries returns success on first attempt without retries","status":"passed","title":"returns success on first attempt without retries","duration":7,"failureMessages":[]},{"ancestorTitles":["","attemptFixWithRetries"],"fullName":" attemptFixWithRetries retries flaky failure and succeeds on second attempt","status":"passed","title":"retries flaky failure and succeeds on second attempt","duration":2,"failureMessages":[]},{"ancestorTitles":["","attemptFixWithRetries"],"fullName":" attemptFixWithRetries detects deterministic failures and escalates early","status":"passed","title":"detects deterministic failures and escalates early","duration":2,"failureMessages":[]},{"ancestorTitles":["","attemptFixWithRetries"],"fullName":" attemptFixWithRetries escalates after exhausting attempts with differing errors","status":"passed","title":"escalates after exhausting attempts with differing errors","duration":1,"failureMessages":[]},{"ancestorTitles":["","attemptFixWithRetries"],"fullName":" attemptFixWithRetries limits tier 3 to a single attempt","status":"passed","title":"limits tier 3 to a single attempt","duration":2,"failureMessages":[]},{"ancestorTitles":["","attemptFixWithRetries"],"fullName":" attemptFixWithRetries supports executors using (tier, error, context) signature","status":"passed","title":"supports executors using (tier, error, context) signature","duration":1,"failureMessages":[]}],"startTime":1761274709407,"endTime":1761274709432,"status":"passed","message":"","name":"/workspace/homeostat/tests/execution/retry-handler.test.js"},{"assertionResults":[{"ancestorTitles":["","runTests"],"fullName":" runTests returns success when exit code is zero","status":"passed","title":"returns success when exit code is zero","duration":10,"failureMessages":[]},{"ancestorTitles":["","runTests"],"fullName":" runTests sanitizes output and escalates on failure","status":"passed","title":"sanitizes output and escalates on failure","duration":5,"failureMessages":[]}],"startTime":1761274722762,"endTime":1761274722778,"status":"passed","message":"","name":"/workspace/homeostat/tests/execution/test-runner.test.js"},{"assertionResults":[{"ancestorTitles":["","tier1 execution"],"fullName":" tier1 execution falls back to GPT-5 when DeepSeek fails","status":"passed","title":"falls back to GPT-5 when DeepSeek fails","duration":18,"failureMessages":[]},{"ancestorTitles":["","tier1 execution"],"fullName":" tier1 execution sanitizes stack trace before model call","status":"passed","title":"sanitizes stack trace before model call","duration":2,"failureMessages":[]},{"ancestorTitles":["","tier1 execution"],"fullName":" tier1 execution rejects suspicious patches","status":"passed","title":"rejects suspicious patches","duration":4,"failureMessages":[]},{"ancestorTitles":["","tier1 execution"],"fullName":" tier1 execution halts when fix loop detected","status":"passed","title":"halts when fix loop detected","duration":2,"failureMessages":[]}],"startTime":1761274714738,"endTime":1761274714765,"status":"passed","message":"","name":"/workspace/homeostat/tests/execution/tier1-fix.test.js"},{"assertionResults":[{"ancestorTitles":["","tier2 execution"],"fullName":" tier2 execution approves DeepSeek patch with GPT-5 review","status":"passed","title":"approves DeepSeek patch with GPT-5 review","duration":24,"failureMessages":[]},{"ancestorTitles":["","tier2 execution"],"fullName":" tier2 execution falls back to GPT-5 patch when DeepSeek fails","status":"passed","title":"falls back to GPT-5 patch when DeepSeek fails","duration":3,"failureMessages":[]},{"ancestorTitles":["","tier2 execution"],"fullName":" tier2 execution rejects when reviewer does not approve","status":"passed","title":"rejects when reviewer does not approve","duration":5,"failureMessages":[]}],"startTime":1761274720407,"endTime":1761274720440,"status":"passed","message":"","name":"/workspace/homeostat/tests/execution/tier2-fix.test.js"},{"assertionResults":[{"ancestorTitles":["","tier3 execution"],"fullName":" tier3 execution uses GPT-5 patch and runs tests","status":"passed","title":"uses GPT-5 patch and runs tests","duration":23,"failureMessages":[]}],"startTime":1761274725895,"endTime":1761274725918,"status":"passed","message":"","name":"/workspace/homeostat/tests/execution/tier3-fix.test.js"},{"assertionResults":[{"ancestorTitles":["","integration: github issue handling"],"fullName":" integration: github issue handling processes valid simple issue end-to-end","status":"passed","title":"processes valid simple issue end-to-end","duration":25,"failureMessages":[]},{"ancestorTitles":["","integration: github issue handling"],"fullName":" integration: github issue handling processes medium complexity issue","status":"passed","title":"processes medium complexity issue","duration":8,"failureMessages":[]},{"ancestorTitles":["","integration: github issue handling"],"fullName":" integration: github issue handling routes sensitive files to tier 3","status":"passed","title":"routes sensitive files to tier 3","duration":2,"failureMessages":[]},{"ancestorTitles":["","integration: github issue handling"],"fullName":" integration: github issue handling rejects issues missing required fields","status":"passed","title":"rejects issues missing required fields","duration":5,"failureMessages":[]},{"ancestorTitles":["","integration: github issue handling"],"fullName":" integration: github issue handling rejects malformed titles","status":"passed","title":"rejects malformed titles","duration":7,"failureMessages":[]},{"ancestorTitles":["","integration: github issue handling"],"fullName":" integration: github issue handling handles oversized stack traces without crashing","status":"passed","title":"handles oversized stack traces without crashing","duration":16,"failureMessages":[]},{"ancestorTitles":["","integration: github issue handling"],"fullName":" integration: github issue handling supports reprocessing the same issue (idempotent)","status":"passed","title":"supports reprocessing the same issue (idempotent)","duration":4,"failureMessages":[]},{"ancestorTitles":["","integration: github issue handling"],"fullName":" integration: github issue handling handles issues with additional labels","status":"passed","title":"handles issues with additional labels","duration":6,"failureMessages":[]},{"ancestorTitles":["","integration: github issue handling"],"fullName":" integration: github issue handling gracefully handles unicode breadcrumbs and RTL text","status":"passed","title":"gracefully handles unicode breadcrumbs and RTL text","duration":9,"failureMessages":[]},{"ancestorTitles":["","integration: github issue handling"],"fullName":" integration: github issue handling handles oversized issue bodies by truncating sanitization output","status":"passed","title":"handles oversized issue bodies by truncating sanitization output","duration":274,"failureMessages":[]}],"startTime":1761274705124,"endTime":1761274705480,"status":"passed","message":"","name":"/workspace/homeostat/tests/integration/github-issues.test.ts"},{"assertionResults":[{"ancestorTitles":["","integration: rate limit handling"],"fullName":" integration: rate limit handling returns immediately when rate limit is healthy","status":"passed","title":"returns immediately when rate limit is healthy","duration":19,"failureMessages":[]},{"ancestorTitles":["","integration: rate limit handling"],"fullName":" integration: rate limit handling waits when rate limit is low","status":"passed","title":"waits when rate limit is low","duration":8,"failureMessages":[]},{"ancestorTitles":["","integration: rate limit handling"],"fullName":" integration: rate limit handling ignores non-ok responses gracefully","status":"passed","title":"ignores non-ok responses gracefully","duration":2,"failureMessages":[]}],"startTime":1761274721581,"endTime":1761274721611,"status":"passed","message":"","name":"/workspace/homeostat/tests/integration/rate-limits.test.ts"},{"assertionResults":[{"ancestorTitles":["","PII Sanitization Engine"],"fullName":" PII Sanitization Engine redacts chrome extension IDs","status":"passed","title":"redacts chrome extension IDs","duration":10,"failureMessages":[]},{"ancestorTitles":["","PII Sanitization Engine"],"fullName":" PII Sanitization Engine redacts emails","status":"passed","title":"redacts emails","duration":4,"failureMessages":[]},{"ancestorTitles":["","PII Sanitization Engine"],"fullName":" PII Sanitization Engine redacts OpenAI API keys","status":"passed","title":"redacts OpenAI API keys","duration":1,"failureMessages":[]},{"ancestorTitles":["","PII Sanitization Engine"],"fullName":" PII Sanitization Engine redacts Stripe API keys","status":"passed","title":"redacts Stripe API keys","duration":0,"failureMessages":[]},{"ancestorTitles":["","PII Sanitization Engine"],"fullName":" PII Sanitization Engine redacts GitHub tokens","status":"passed","title":"redacts GitHub tokens","duration":1,"failureMessages":[]},{"ancestorTitles":["","PII Sanitization Engine"],"fullName":" PII Sanitization Engine redacts Google API keys","status":"passed","title":"redacts Google API keys","duration":1,"failureMessages":[]},{"ancestorTitles":["","PII Sanitization Engine"],"fullName":" PII Sanitization Engine redacts JWT tokens","status":"passed","title":"redacts JWT tokens","duration":1,"failureMessages":[]},{"ancestorTitles":["","PII Sanitization Engine"],"fullName":" PII Sanitization Engine redacts Linear API keys","status":"passed","title":"redacts Linear API keys","duration":0,"failureMessages":[]},{"ancestorTitles":["","PII Sanitization Engine"],"fullName":" PII Sanitization Engine redacts Plausible API keys","status":"passed","title":"redacts Plausible API keys","duration":1,"failureMessages":[]},{"ancestorTitles":["","PII Sanitization Engine"],"fullName":" PII Sanitization Engine redacts IPv4 and IPv6 addresses","status":"passed","title":"redacts IPv4 and IPv6 addresses","duration":2,"failureMessages":[]},{"ancestorTitles":["","PII Sanitization Engine"],"fullName":" PII Sanitization Engine redacts URLs with credentials","status":"passed","title":"redacts URLs with credentials","duration":0,"failureMessages":[]},{"ancestorTitles":["","PII Sanitization Engine"],"fullName":" PII Sanitization Engine redacts private key blocks","status":"passed","title":"redacts private key blocks","duration":0,"failureMessages":[]},{"ancestorTitles":["","PII Sanitization Engine"],"fullName":" PII Sanitization Engine redacts user paths across platforms","status":"passed","title":"redacts user paths across platforms","duration":2,"failureMessages":[]},{"ancestorTitles":["","PII Sanitization Engine"],"fullName":" PII Sanitization Engine detects high entropy OAuth tokens","status":"passed","title":"detects high entropy OAuth tokens","duration":1,"failureMessages":[]},{"ancestorTitles":["","PII Sanitization Engine"],"fullName":" PII Sanitization Engine preserves non-sensitive code","status":"passed","title":"preserves non-sensitive code","duration":1,"failureMessages":[]},{"ancestorTitles":["","PII Sanitization Engine"],"fullName":" PII Sanitization Engine sanitizes both code and stack trace via sanitizeForAPI","status":"passed","title":"sanitizes both code and stack trace via sanitizeForAPI","duration":2,"failureMessages":[]},{"ancestorTitles":["","PII Sanitization Engine"],"fullName":" PII Sanitization Engine maintains nested tokens in same string","status":"passed","title":"maintains nested tokens in same string","duration":1,"failureMessages":[]},{"ancestorTitles":["","calculateEntropy"],"fullName":" calculateEntropy calculates entropy close to zero for uniform characters","status":"passed","title":"calculates entropy close to zero for uniform characters","duration":1,"failureMessages":[]},{"ancestorTitles":["","calculateEntropy"],"fullName":" calculateEntropy calculates higher entropy for diverse strings","status":"passed","title":"calculates higher entropy for diverse strings","duration":1,"failureMessages":[]}],"startTime":1761274703697,"endTime":1761274703730,"status":"passed","message":"","name":"/workspace/homeostat/tests/privacy/sanitizer.test.js"},{"assertionResults":[{"ancestorTitles":["","issue-parser property tests"],"fullName":" issue-parser property tests never throws on arbitrary input","status":"passed","title":"never throws on arbitrary input","duration":184,"failureMessages":[]},{"ancestorTitles":["","issue-parser property tests"],"fullName":" issue-parser property tests parsing is idempotent for valid issues","status":"passed","title":"parsing is idempotent for valid issues","duration":93,"failureMessages":[]},{"ancestorTitles":["","issue-parser property tests"],"fullName":" issue-parser property tests sanitizes stack traces to remove PII patterns","status":"passed","title":"sanitizes stack traces to remove PII patterns","duration":19,"failureMessages":[]},{"ancestorTitles":["","issue-parser property tests"],"fullName":" issue-parser property tests extracts sections reliably even with noise","status":"passed","title":"extracts sections reliably even with noise","duration":13,"failureMessages":[]},{"ancestorTitles":["","issue-parser property tests"],"fullName":" issue-parser property tests breadcrumbs parsing drops numbering","status":"passed","title":"breadcrumbs parsing drops numbering","duration":41,"failureMessages":[]},{"ancestorTitles":["","issue-parser property tests"],"fullName":" issue-parser property tests parseIssueTitle returns errors for malformed titles","status":"passed","title":"parseIssueTitle returns errors for malformed titles","duration":10,"failureMessages":[]},{"ancestorTitles":["","issue-parser property tests"],"fullName":" issue-parser property tests parseField handles random sections gracefully","status":"passed","title":"parseField handles random sections gracefully","duration":10,"failureMessages":[]},{"ancestorTitles":["","issue-parser property tests"],"fullName":" issue-parser property tests extractCodeBlock returns original when not wrapped","status":"passed","title":"extractCodeBlock returns original when not wrapped","duration":4,"failureMessages":[]}],"startTime":1761274707945,"endTime":1761274708320,"status":"passed","message":"","name":"/workspace/homeostat/tests/property/issue-parser.test.ts"},{"assertionResults":[{"ancestorTitles":["","sanitizer property tests"],"fullName":" sanitizer property tests removes known PII patterns from random strings","status":"passed","title":"removes known PII patterns from random strings","duration":140,"failureMessages":[]},{"ancestorTitles":["","sanitizer property tests"],"fullName":" sanitizer property tests preserves structure by keeping line counts stable","status":"passed","title":"preserves structure by keeping line counts stable","duration":24,"failureMessages":[]},{"ancestorTitles":["","sanitizer property tests"],"fullName":" sanitizer property tests is idempotent for stack traces","status":"passed","title":"is idempotent for stack traces","duration":29,"failureMessages":[]}],"startTime":1761274724354,"endTime":1761274724548,"status":"passed","message":"","name":"/workspace/homeostat/tests/property/sanitizer.test.ts"},{"assertionResults":[{"ancestorTitles":["","parseIssue"],"fullName":" parseIssue parses structured issue data per LOGGER-INTEGRATION.md","status":"passed","title":"parses structured issue data per LOGGER-INTEGRATION.md","duration":17,"failureMessages":[]},{"ancestorTitles":["","parseIssue"],"fullName":" parseIssue throws when required fields missing","status":"passed","title":"throws when required fields missing","duration":8,"failureMessages":[]},{"ancestorTitles":["","analyzeComplexity"],"fullName":" analyzeComplexity routes to tier 3 when sensitive files detected","status":"passed","title":"routes to tier 3 when sensitive files detected","duration":3,"failureMessages":[]}],"startTime":1761274715814,"endTime":1761274715844,"status":"passed","message":"","name":"/workspace/homeostat/tests/routing/complexity-analyzer.test.js"},{"assertionResults":[{"ancestorTitles":["","extractFiles"],"fullName":" extractFiles parses multiple files from stack trace","status":"passed","title":"parses multiple files from stack trace","duration":6,"failureMessages":[]},{"ancestorTitles":["","selectModel"],"fullName":" selectModel routes sensitive files to tier 3 GPT-5","status":"passed","title":"routes sensitive files to tier 3 GPT-5","duration":2,"failureMessages":[]},{"ancestorTitles":["","selectModel"],"fullName":" selectModel routes simple errors to tier 1","status":"passed","title":"routes simple errors to tier 1","duration":3,"failureMessages":[]},{"ancestorTitles":["","selectModel"],"fullName":" selectModel routes moderate errors to tier 2 with reviewer","status":"passed","title":"routes moderate errors to tier 2 with reviewer","duration":2,"failureMessages":[]},{"ancestorTitles":["","selectModel"],"fullName":" selectModel routes complex errors to tier 3 GPT-5","status":"passed","title":"routes complex errors to tier 3 GPT-5","duration":1,"failureMessages":[]}],"startTime":1761274716845,"endTime":1761274716861,"status":"passed","message":"","name":"/workspace/homeostat/tests/routing/model-selector.test.js"},{"assertionResults":[{"ancestorTitles":["","security: malicious payload resistance"],"fullName":" security: malicious payload resistance ignores prompt injection attempts in issue titles and bodies","status":"passed","title":"ignores prompt injection attempts in issue titles and bodies","duration":18,"failureMessages":[]},{"ancestorTitles":["","security: malicious payload resistance"],"fullName":" security: malicious payload resistance blocks code injection attempts with eval and child_process","status":"passed","title":"blocks code injection attempts with eval and child_process","duration":4,"failureMessages":[]},{"ancestorTitles":["","security: malicious payload resistance"],"fullName":" security: malicious payload resistance blocks sensitive file modifications and escalates","status":"passed","title":"blocks sensitive file modifications and escalates","duration":1,"failureMessages":[]},{"ancestorTitles":["","security: malicious payload resistance"],"fullName":" security: malicious payload resistance sanitizes encoded malicious payloads","status":"passed","title":"sanitizes encoded malicious payloads","duration":2,"failureMessages":[]},{"ancestorTitles":["","security: malicious payload resistance"],"fullName":" security: malicious payload resistance detects fetch calls to unknown domains","status":"passed","title":"detects fetch calls to unknown domains","duration":1,"failureMessages":[]},{"ancestorTitles":["","security: malicious payload resistance"],"fullName":" security: malicious payload resistance rejects oversized issue bodies to prevent DoS","status":"passed","title":"rejects oversized issue bodies to prevent DoS","duration":5,"failureMessages":[]},{"ancestorTitles":["","security: malicious payload resistance"],"fullName":" security: malicious payload resistance blocks command injection attempts","status":"passed","title":"blocks command injection attempts","duration":1,"failureMessages":[]},{"ancestorTitles":["","security: malicious payload resistance"],"fullName":" security: malicious payload resistance handles unicode-based attacks safely","status":"passed","title":"handles unicode-based attacks safely","duration":7,"failureMessages":[]},{"ancestorTitles":["","security: malicious payload resistance"],"fullName":" security: malicious payload resistance parses SQL injection attempts without executing them","status":"passed","title":"parses SQL injection attempts without executing them","duration":1,"failureMessages":[]},{"ancestorTitles":["","security: malicious payload resistance"],"fullName":" security: malicious payload resistance blocks manifest permission escalation attempts","status":"passed","title":"blocks manifest permission escalation attempts","duration":1,"failureMessages":[]}],"startTime":1761274710437,"endTime":1761274710478,"status":"passed","message":"","name":"/workspace/homeostat/tests/security/malicious-payloads.test.ts"},{"assertionResults":[{"ancestorTitles":["","security: PII leak validation"],"fullName":" security: PII leak validation redacts entire corpus in sanitized stack traces","status":"passed","title":"redacts entire corpus in sanitized stack traces","duration":68,"failureMessages":[]},{"ancestorTitles":["","security: PII leak validation"],"fullName":" security: PII leak validation preserves sanitization through issue parsing and prompt construction","status":"passed","title":"preserves sanitization through issue parsing and prompt construction","duration":43,"failureMessages":[]},{"ancestorTitles":["","security: PII leak validation"],"fullName":" security: PII leak validation ensures sanitized logs never contain raw PII","status":"passed","title":"ensures sanitized logs never contain raw PII","duration":10,"failureMessages":[]}],"startTime":1761274702346,"endTime":1761274702467,"status":"passed","message":"","name":"/workspace/homeostat/tests/security/pii-leak.test.ts"},{"assertionResults":[{"ancestorTitles":["","malicious patch blocker"],"fullName":" malicious patch blocker allows harmless patches","status":"passed","title":"allows harmless patches","duration":7,"failureMessages":[]},{"ancestorTitles":["","malicious patch blocker"],"fullName":" malicious patch blocker blocks eval usage","status":"passed","title":"blocks eval usage","duration":2,"failureMessages":[]},{"ancestorTitles":["","malicious patch blocker"],"fullName":" malicious patch blocker blocks new Function usage","status":"passed","title":"blocks new Function usage","duration":1,"failureMessages":[]},{"ancestorTitles":["","malicious patch blocker"],"fullName":" malicious patch blocker blocks document.write","status":"passed","title":"blocks document.write","duration":1,"failureMessages":[]},{"ancestorTitles":["","malicious patch blocker"],"fullName":" malicious patch blocker blocks chrome debugger access","status":"passed","title":"blocks chrome debugger access","duration":1,"failureMessages":[]},{"ancestorTitles":["","malicious patch blocker"],"fullName":" malicious patch blocker blocks fetch to unknown domains","status":"passed","title":"blocks fetch to unknown domains","duration":2,"failureMessages":[]},{"ancestorTitles":["","malicious patch blocker"],"fullName":" malicious patch blocker detects fix loops based on stack similarity","status":"passed","title":"detects fix loops based on stack similarity","duration":1,"failureMessages":[]},{"ancestorTitles":["","malicious patch blocker"],"fullName":" malicious patch blocker allows distinct stacks to continue","status":"passed","title":"allows distinct stacks to continue","duration":1,"failureMessages":[]},{"ancestorTitles":["","malicious patch blocker"],"fullName":" malicious patch blocker builds context aware prompts for background surface","status":"passed","title":"builds context aware prompts for background surface","duration":1,"failureMessages":[]},{"ancestorTitles":["","malicious patch blocker"],"fullName":" malicious patch blocker sanitizes issue payloads before usage","status":"passed","title":"sanitizes issue payloads before usage","duration":11,"failureMessages":[]},{"ancestorTitles":["","malicious patch blocker"],"fullName":" malicious patch blocker identifies merged outputs with high similarity","status":"passed","title":"identifies merged outputs with high similarity","duration":2,"failureMessages":[]},{"ancestorTitles":["","malicious patch blocker"],"fullName":" malicious patch blocker recognizes distinct attempt outputs","status":"passed","title":"recognizes distinct attempt outputs","duration":1,"failureMessages":[]}],"startTime":1761274713605,"endTime":1761274713636,"status":"passed","message":"","name":"/workspace/homeostat/tests/unit/malicious-patch.test.ts"},{"assertionResults":[{"ancestorTitles":["","model-selector: extractFiles"],"fullName":" model-selector: extractFiles extracts unique files from stack trace","status":"passed","title":"extracts unique files from stack trace","duration":22,"failureMessages":[]},{"ancestorTitles":["","model-selector: extractFiles"],"fullName":" model-selector: extractFiles handles malformed stacks gracefully","status":"passed","title":"handles malformed stacks gracefully","duration":2,"failureMessages":[]},{"ancestorTitles":["","model-selector: threshold boundaries"],"fullName":" model-selector: threshold boundaries routes 4-line stack with single file to tier 1","status":"passed","title":"routes 4-line stack with single file to tier 1","duration":4,"failureMessages":[]},{"ancestorTitles":["","model-selector: threshold boundaries"],"fullName":" model-selector: threshold boundaries routes 5-line stack with single file to tier 1","status":"passed","title":"routes 5-line stack with single file to tier 1","duration":2,"failureMessages":[]},{"ancestorTitles":["","model-selector: threshold boundaries"],"fullName":" model-selector: threshold boundaries routes 6-line stack with single file to tier 2","status":"passed","title":"routes 6-line stack with single file to tier 2","duration":1,"failureMessages":[]},{"ancestorTitles":["","model-selector: threshold boundaries"],"fullName":" model-selector: threshold boundaries routes 10-line stack with three files to tier 2","status":"passed","title":"routes 10-line stack with three files to tier 2","duration":1,"failureMessages":[]},{"ancestorTitles":["","model-selector: threshold boundaries"],"fullName":" model-selector: threshold boundaries routes 16-line stack to tier 3","status":"passed","title":"routes 16-line stack to tier 3","duration":1,"failureMessages":[]},{"ancestorTitles":["","model-selector: threshold boundaries"],"fullName":" model-selector: threshold boundaries routes multiple files with low depth to tier 2","status":"passed","title":"routes multiple files with low depth to tier 2","duration":1,"failureMessages":[]},{"ancestorTitles":["","model-selector: threshold boundaries"],"fullName":" model-selector: threshold boundaries routes sensitive files to tier 3 regardless of complexity","status":"passed","title":"routes sensitive files to tier 3 regardless of complexity","duration":1,"failureMessages":[]},{"ancestorTitles":["","model-selector: threshold boundaries"],"fullName":" model-selector: threshold boundaries respects forced tier overrides","status":"passed","title":"respects forced tier overrides","duration":1,"failureMessages":[]},{"ancestorTitles":["","model-selector: threshold boundaries"],"fullName":" model-selector: threshold boundaries defaults forced tier to 3 for invalid values","status":"passed","title":"defaults forced tier to 3 for invalid values","duration":1,"failureMessages":[]},{"ancestorTitles":["","model-selector: threshold boundaries"],"fullName":" model-selector: threshold boundaries handles extremely deep stacks efficiently","status":"passed","title":"handles extremely deep stacks efficiently","duration":2,"failureMessages":[]},{"ancestorTitles":["","model-selector: threshold boundaries"],"fullName":" model-selector: threshold boundaries handles stacks with spaces and parentheses","status":"passed","title":"handles stacks with spaces and parentheses","duration":1,"failureMessages":[]},{"ancestorTitles":["","model-selector: threshold boundaries"],"fullName":" model-selector: threshold boundaries handles windows paths in stack","status":"passed","title":"handles windows paths in stack","duration":1,"failureMessages":[]},{"ancestorTitles":["","model-selector: threshold boundaries"],"fullName":" model-selector: threshold boundaries keeps sanitize flag true in all cases","status":"passed","title":"keeps sanitize flag true in all cases","duration":1,"failureMessages":[]},{"ancestorTitles":["","model-selector: threshold boundaries"],"fullName":" model-selector: threshold boundaries handles empty stack gracefully by defaulting to tier 3","status":"passed","title":"handles empty stack gracefully by defaulting to tier 3","duration":1,"failureMessages":[]},{"ancestorTitles":["","model-selector: threshold boundaries"],"fullName":" model-selector: threshold boundaries deduplicates repeated file entries","status":"passed","title":"deduplicates repeated file entries","duration":1,"failureMessages":[]}],"startTime":1761274706474,"endTime":1761274706519,"status":"passed","message":"","name":"/workspace/homeostat/tests/unit/model-selector.test.ts"},{"assertionResults":[{"ancestorTitles":["","retry-handler: levenshtein"],"fullName":" retry-handler: levenshtein computes zero distance for identical strings","status":"passed","title":"computes zero distance for identical strings","duration":6,"failureMessages":[]},{"ancestorTitles":["","retry-handler: levenshtein"],"fullName":" retry-handler: levenshtein computes distance for insertions","status":"passed","title":"computes distance for insertions","duration":1,"failureMessages":[]},{"ancestorTitles":["","retry-handler: levenshtein"],"fullName":" retry-handler: levenshtein computes distance for substitutions","status":"passed","title":"computes distance for substitutions","duration":1,"failureMessages":[]},{"ancestorTitles":["","retry-handler: isSameError"],"fullName":" retry-handler: isSameError detects identical messages as same error","status":"passed","title":"detects identical messages as same error","duration":1,"failureMessages":[]},{"ancestorTitles":["","retry-handler: isSameError"],"fullName":" retry-handler: isSameError detects similar messages within threshold","status":"passed","title":"detects similar messages within threshold","duration":2,"failureMessages":[]},{"ancestorTitles":["","retry-handler: isSameError"],"fullName":" retry-handler: isSameError treats different messages as different errors","status":"passed","title":"treats different messages as different errors","duration":1,"failureMessages":[]},{"ancestorTitles":["","retry-handler: isSameError"],"fullName":" retry-handler: isSameError handles missing messages gracefully","status":"passed","title":"handles missing messages gracefully","duration":1,"failureMessages":[]},{"ancestorTitles":["","retry-handler: attemptFixWithRetries"],"fullName":" retry-handler: attemptFixWithRetries succeeds on first attempt without retry","status":"passed","title":"succeeds on first attempt without retry","duration":4,"failureMessages":[]},{"ancestorTitles":["","retry-handler: attemptFixWithRetries"],"fullName":" retry-handler: attemptFixWithRetries retries once on failure then succeeds","status":"passed","title":"retries once on failure then succeeds","duration":4,"failureMessages":[]},{"ancestorTitles":["","retry-handler: attemptFixWithRetries"],"fullName":" retry-handler: attemptFixWithRetries escalates deterministic failure on identical errors","status":"passed","title":"escalates deterministic failure on identical errors","duration":2,"failureMessages":[]},{"ancestorTitles":["","retry-handler: attemptFixWithRetries"],"fullName":" retry-handler: attemptFixWithRetries escalates after reaching max retries","status":"passed","title":"escalates after reaching max retries","duration":3,"failureMessages":[]},{"ancestorTitles":["","retry-handler: attemptFixWithRetries"],"fullName":" retry-handler: attemptFixWithRetries caps attempts based on tier default","status":"passed","title":"caps attempts based on tier default","duration":2,"failureMessages":[]},{"ancestorTitles":["","retry-handler: attemptFixWithRetries"],"fullName":" retry-handler: attemptFixWithRetries passes context with attempt metadata","status":"passed","title":"passes context with attempt metadata","duration":17,"failureMessages":[]},{"ancestorTitles":["","retry-handler: attemptFixWithRetries"],"fullName":" retry-handler: attemptFixWithRetries supports executor signatures expecting tier and error","status":"passed","title":"supports executor signatures expecting tier and error","duration":3,"failureMessages":[]},{"ancestorTitles":["","retry-handler: attemptFixWithRetries"],"fullName":" retry-handler: attemptFixWithRetries throws when executor is missing","status":"passed","title":"throws when executor is missing","duration":3,"failureMessages":[]},{"ancestorTitles":["","retry-handler: attemptFixWithRetries"],"fullName":" retry-handler: attemptFixWithRetries handles test output similarity detection","status":"passed","title":"handles test output similarity detection","duration":2,"failureMessages":[]},{"ancestorTitles":["","retry-handler: attemptFixWithRetries"],"fullName":" retry-handler: attemptFixWithRetries treats differing outputs as flaky and retries fully","status":"passed","title":"treats differing outputs as flaky and retries fully","duration":1,"failureMessages":[]},{"ancestorTitles":["","retry-handler: attemptFixWithRetries"],"fullName":" retry-handler: attemptFixWithRetries supports custom tier objects with executeAttempt method","status":"passed","title":"supports custom tier objects with executeAttempt method","duration":1,"failureMessages":[]},{"ancestorTitles":["","retry-handler: attemptFixWithRetries"],"fullName":" retry-handler: attemptFixWithRetries handles error messages nested in objects","status":"passed","title":"handles error messages nested in objects","duration":2,"failureMessages":[]},{"ancestorTitles":["","retry-handler: attemptFixWithRetries"],"fullName":" retry-handler: attemptFixWithRetries handles messages from testOutput fallback","status":"passed","title":"handles messages from testOutput fallback","duration":1,"failureMessages":[]},{"ancestorTitles":["","retry-handler: attemptFixWithRetries"],"fullName":" retry-handler: attemptFixWithRetries treats maxAttempts less than 1 as 1","status":"passed","title":"treats maxAttempts less than 1 as 1","duration":1,"failureMessages":[]},{"ancestorTitles":["","retry-handler: attemptFixWithRetries"],"fullName":" retry-handler: attemptFixWithRetries propagates previous attempts into context","status":"passed","title":"propagates previous attempts into context","duration":2,"failureMessages":[]},{"ancestorTitles":["","retry-handler: attemptFixWithRetries"],"fullName":" retry-handler: attemptFixWithRetries distinguishes errors with small differences beyond threshold","status":"passed","title":"distinguishes errors with small differences beyond threshold","duration":1,"failureMessages":[]},{"ancestorTitles":["","retry-handler: attemptFixWithRetries"],"fullName":" retry-handler: attemptFixWithRetries allows success results flagged with testsPassed boolean","status":"passed","title":"allows success results flagged with testsPassed boolean","duration":1,"failureMessages":[]}],"startTime":1761274702296,"endTime":1761274702362,"status":"passed","message":"","name":"/workspace/homeostat/tests/unit/retry-handler.test.ts"},{"assertionResults":[{"ancestorTitles":["","sanitizer: edge cases"],"fullName":" sanitizer: edge cases redacts partial emails without domain","status":"passed","title":"redacts partial emails without domain","duration":30,"failureMessages":[]},{"ancestorTitles":["","sanitizer: edge cases"],"fullName":" sanitizer: edge cases redacts unicode emails","status":"passed","title":"redacts unicode emails","duration":8,"failureMessages":[]},{"ancestorTitles":["","sanitizer: edge cases"],"fullName":" sanitizer: edge cases redacts data URIs","status":"passed","title":"redacts data URIs","duration":4,"failureMessages":[]},{"ancestorTitles":["","sanitizer: edge cases"],"fullName":" sanitizer: edge cases redacts nested JWT tokens in JSON payloads","status":"passed","title":"redacts nested JWT tokens in JSON payloads","duration":1,"failureMessages":[]},{"ancestorTitles":["","sanitizer: edge cases"],"fullName":" sanitizer: edge cases handles multiple PII items in one string","status":"passed","title":"handles multiple PII items in one string","duration":1,"failureMessages":[]},{"ancestorTitles":["","sanitizer: edge cases"],"fullName":" sanitizer: edge cases preserves legitimate hex strings and version numbers","status":"passed","title":"preserves legitimate hex strings and version numbers","duration":0,"failureMessages":[]},{"ancestorTitles":["","sanitizer: edge cases"],"fullName":" sanitizer: edge cases redacts chrome extension ids within stack traces","status":"passed","title":"redacts chrome extension ids within stack traces","duration":2,"failureMessages":[]},{"ancestorTitles":["","sanitizer: edge cases"],"fullName":" sanitizer: edge cases redacts unix and windows user paths","status":"passed","title":"redacts unix and windows user paths","duration":1,"failureMessages":[]},{"ancestorTitles":["","sanitizer: edge cases"],"fullName":" sanitizer: edge cases redacts urls with embedded credentials","status":"passed","title":"redacts urls with embedded credentials","duration":0,"failureMessages":[]},{"ancestorTitles":["","sanitizer: edge cases"],"fullName":" sanitizer: edge cases redacts high entropy tokens above threshold","status":"passed","title":"redacts high entropy tokens above threshold","duration":1,"failureMessages":[]},{"ancestorTitles":["","sanitizer: edge cases"],"fullName":" sanitizer: edge cases retains low entropy tokens below threshold","status":"passed","title":"retains low entropy tokens below threshold","duration":1,"failureMessages":[]},{"ancestorTitles":["","sanitizer: edge cases"],"fullName":" sanitizer: edge cases redacts ip addresses in stack trace","status":"passed","title":"redacts ip addresses in stack trace","duration":1,"failureMessages":[]},{"ancestorTitles":["","sanitizer: edge cases"],"fullName":" sanitizer: edge cases redacts plausible analytics keys","status":"passed","title":"redacts plausible analytics keys","duration":0,"failureMessages":[]},{"ancestorTitles":["","sanitizer: edge cases"],"fullName":" sanitizer: edge cases sanitizes oauth tokens detected via entropy in stack traces","status":"passed","title":"sanitizes oauth tokens detected via entropy in stack traces","duration":1,"failureMessages":[]},{"ancestorTitles":["","sanitizer: edge cases"],"fullName":" sanitizer: edge cases sanitizes via sanitizeForAPI helper","status":"passed","title":"sanitizes via sanitizeForAPI helper","duration":1,"failureMessages":[]},{"ancestorTitles":["","sanitizer: edge cases"],"fullName":" sanitizer: edge cases calculateEntropy detects high entropy strings","status":"passed","title":"calculateEntropy detects high entropy strings","duration":1,"failureMessages":[]},{"ancestorTitles":["","sanitizer: edge cases"],"fullName":" sanitizer: edge cases sanitizes nested JSON structures deeply","status":"passed","title":"sanitizes nested JSON structures deeply","duration":1,"failureMessages":[]},{"ancestorTitles":["","sanitizer: edge cases"],"fullName":" sanitizer: edge cases handles empty inputs gracefully","status":"passed","title":"handles empty inputs gracefully","duration":1,"failureMessages":[]},{"ancestorTitles":["","sanitizer: edge cases"],"fullName":" sanitizer: edge cases does not redact benign urls without credentials","status":"passed","title":"does not redact benign urls without credentials","duration":1,"failureMessages":[]},{"ancestorTitles":["","sanitizer: edge cases"],"fullName":" sanitizer: edge cases strips private key blocks entirely","status":"passed","title":"strips private key blocks entirely","duration":1,"failureMessages":[]},{"ancestorTitles":["","sanitizer: edge cases"],"fullName":" sanitizer: edge cases sanitizes PII corpus fixtures comprehensively","status":"passed","title":"sanitizes PII corpus fixtures comprehensively","duration":2,"failureMessages":[]},{"ancestorTitles":["","sanitizer: edge cases"],"fullName":" sanitizer: edge cases is idempotent when run multiple times","status":"passed","title":"is idempotent when run multiple times","duration":1,"failureMessages":[]}],"startTime":1761274703669,"endTime":1761274703729,"status":"passed","message":"","name":"/workspace/homeostat/tests/unit/sanitizer.test.ts"},{"assertionResults":[{"ancestorTitles":["","sensitive-files: detection"],"fullName":" sensitive-files: detection flags canonical sensitive files","status":"passed","title":"flags canonical sensitive files","duration":8,"failureMessages":[]},{"ancestorTitles":["","sensitive-files: detection"],"fullName":" sensitive-files: detection detects sensitive files in nested directories","status":"passed","title":"detects sensitive files in nested directories","duration":1,"failureMessages":[]},{"ancestorTitles":["","sensitive-files: detection"],"fullName":" sensitive-files: detection normalizes windows paths","status":"passed","title":"normalizes windows paths","duration":1,"failureMessages":[]},{"ancestorTitles":["","sensitive-files: detection"],"fullName":" sensitive-files: detection handles leading slashes gracefully","status":"passed","title":"handles leading slashes gracefully","duration":1,"failureMessages":[]},{"ancestorTitles":["","sensitive-files: detection"],"fullName":" sensitive-files: detection allows README and documentation files","status":"passed","title":"allows README and documentation files","duration":2,"failureMessages":[]},{"ancestorTitles":["","sensitive-files: detection"],"fullName":" sensitive-files: detection allows test files with auth in the name","status":"passed","title":"allows test files with auth in the name","duration":0,"failureMessages":[]},{"ancestorTitles":["","sensitive-files: detection"],"fullName":" sensitive-files: detection blocks helper files containing secrets","status":"passed","title":"blocks helper files containing secrets","duration":1,"failureMessages":[]},{"ancestorTitles":["","sensitive-files: detection"],"fullName":" sensitive-files: detection ignores generated build artifacts","status":"passed","title":"ignores generated build artifacts","duration":1,"failureMessages":[]},{"ancestorTitles":["","sensitive-files: detection"],"fullName":" sensitive-files: detection flags dotfile credentials","status":"passed","title":"flags dotfile credentials","duration":1,"failureMessages":[]},{"ancestorTitles":["","sensitive-files: detection"],"fullName":" sensitive-files: detection allows CI workflows referencing auth","status":"passed","title":"allows CI workflows referencing auth","duration":0,"failureMessages":[]},{"ancestorTitles":["","sensitive-files: detection"],"fullName":" sensitive-files: detection flags IaC secrets","status":"passed","title":"flags IaC secrets","duration":1,"failureMessages":[]},{"ancestorTitles":["","sensitive-files: detection"],"fullName":" sensitive-files: detection handles case insensitivity","status":"passed","title":"handles case insensitivity","duration":1,"failureMessages":[]},{"ancestorTitles":["","sensitive-files: detection"],"fullName":" sensitive-files: detection ignores unrelated utility files","status":"passed","title":"ignores unrelated utility files","duration":1,"failureMessages":[]},{"ancestorTitles":["","sensitive-files: detection"],"fullName":" sensitive-files: detection flags secrets directories deeply","status":"passed","title":"flags secrets directories deeply","duration":0,"failureMessages":[]},{"ancestorTitles":["","sensitive-files: detection"],"fullName":" sensitive-files: detection flags payment integrations by pattern","status":"passed","title":"flags payment integrations by pattern","duration":1,"failureMessages":[]}],"startTime":1761274712601,"endTime":1761274712621,"status":"passed","message":"","name":"/workspace/homeostat/tests/unit/sensitive-files.test.ts"}]}