{"total": {"lines":{"total":1590,"covered":1309,"skipped":0,"pct":82.32},"statements":{"total":1590,"covered":1309,"skipped":0,"pct":82.32},"functions":{"total":73,"covered":56,"skipped":0,"pct":76.71},"branches":{"total":317,"covered":258,"skipped":0,"pct":81.38},"branchesTrue":{"total":0,"covered":0,"skipped":0,"pct":100}}
,"/workspace/homeostat/homeostat/orchestrator.ts": {"lines":{"total":300,"covered":284,"skipped":0,"pct":94.66},"functions":{"total":6,"covered":5,"skipped":0,"pct":83.33},"statements":{"total":300,"covered":284,"skipped":0,"pct":94.66},"branches":{"total":33,"covered":22,"skipped":0,"pct":66.66}}
,"/workspace/homeostat/homeostat/config/sensitive-files.js": {"lines":{"total":40,"covered":40,"skipped":0,"pct":100},"functions":{"total":2,"covered":2,"skipped":0,"pct":100},"statements":{"total":40,"covered":40,"skipped":0,"pct":100},"branches":{"total":3,"covered":3,"skipped":0,"pct":100}}
,"/workspace/homeostat/homeostat/deployment/canary.js": {"lines":{"total":96,"covered":67,"skipped":0,"pct":69.79},"functions":{"total":5,"covered":3,"skipped":0,"pct":60},"statements":{"total":96,"covered":67,"skipped":0,"pct":69.79},"branches":{"total":7,"covered":6,"skipped":0,"pct":85.71}}
,"/workspace/homeostat/homeostat/execution/ai-utils.js": {"lines":{"total":161,"covered":118,"skipped":0,"pct":73.29},"functions":{"total":10,"covered":7,"skipped":0,"pct":70},"statements":{"total":161,"covered":118,"skipped":0,"pct":73.29},"branches":{"total":37,"covered":26,"skipped":0,"pct":70.27}}
,"/workspace/homeostat/homeostat/execution/retry-handler.js": {"lines":{"total":118,"covered":118,"skipped":0,"pct":100},"functions":{"total":6,"covered":6,"skipped":0,"pct":100},"statements":{"total":118,"covered":118,"skipped":0,"pct":100},"branches":{"total":61,"covered":52,"skipped":0,"pct":85.24}}
,"/workspace/homeostat/homeostat/execution/test-runner.js": {"lines":{"total":41,"covered":41,"skipped":0,"pct":100},"functions":{"total":2,"covered":2,"skipped":0,"pct":100},"statements":{"total":41,"covered":41,"skipped":0,"pct":100},"branches":{"total":5,"covered":5,"skipped":0,"pct":100}}
,"/workspace/homeostat/homeostat/execution/tier1-fix.js": {"lines":{"total":114,"covered":65,"skipped":0,"pct":57.01},"functions":{"total":5,"covered":2,"skipped":0,"pct":40},"statements":{"total":114,"covered":65,"skipped":0,"pct":57.01},"branches":{"total":12,"covered":9,"skipped":0,"pct":75}}
,"/workspace/homeostat/homeostat/execution/tier2-fix.js": {"lines":{"total":129,"covered":67,"skipped":0,"pct":51.93},"functions":{"total":7,"covered":3,"skipped":0,"pct":42.85},"statements":{"total":129,"covered":67,"skipped":0,"pct":51.93},"branches":{"total":10,"covered":8,"skipped":0,"pct":80}}
,"/workspace/homeostat/homeostat/execution/tier3-fix.js": {"lines":{"total":75,"covered":41,"skipped":0,"pct":54.66},"functions":{"total":4,"covered":2,"skipped":0,"pct":50},"statements":{"total":75,"covered":41,"skipped":0,"pct":54.66},"branches":{"total":4,"covered":2,"skipped":0,"pct":50}}
,"/workspace/homeostat/homeostat/routing/complexity-analyzer.js": {"lines":{"total":85,"covered":45,"skipped":0,"pct":52.94},"functions":{"total":4,"covered":2,"skipped":0,"pct":50},"statements":{"total":85,"covered":45,"skipped":0,"pct":52.94},"branches":{"total":10,"covered":5,"skipped":0,"pct":50}}
,"/workspace/homeostat/homeostat/routing/issue-parser.js": {"lines":{"total":115,"covered":113,"skipped":0,"pct":98.26},"functions":{"total":8,"covered":8,"skipped":0,"pct":100},"statements":{"total":115,"covered":113,"skipped":0,"pct":98.26},"branches":{"total":56,"covered":53,"skipped":0,"pct":94.64}}
,"/workspace/homeostat/homeostat/routing/model-selector.js": {"lines":{"total":96,"covered":94,"skipped":0,"pct":97.91},"functions":{"total":3,"covered":3,"skipped":0,"pct":100},"statements":{"total":96,"covered":94,"skipped":0,"pct":97.91},"branches":{"total":36,"covered":32,"skipped":0,"pct":88.88}}
,"/workspace/homeostat/shared/privacy/sanitizer.js": {"lines":{"total":220,"covered":216,"skipped":0,"pct":98.18},"functions":{"total":11,"covered":11,"skipped":0,"pct":100},"statements":{"total":220,"covered":216,"skipped":0,"pct":98.18},"branches":{"total":43,"covered":35,"skipped":0,"pct":81.39}}
}
